2025-02-23 19:07:56.252 [main] {} 1 ERROR org.springframework.boot.diagnostics.LoggingFailureAnalysisReporter (o.s.b.d.LoggingFailureAnalysisReporter.report) - 

***************************
APPLICATION FAILED TO START
***************************

Description:

Failed to configure a DataSource: 'url' attribute is not specified and no embedded datasource could be configured.

Reason: Failed to determine a suitable driver class


Action:

Consider the following:
	If you want an embedded database (H2, HSQL or Derby), please put it on the classpath.
	If you have database settings to be loaded from a particular profile you may need to activate it (no profiles are currently active).

2025-02-23 19:12:08.695 [main] {} 1 ERROR org.springframework.boot.diagnostics.LoggingFailureAnalysisReporter (o.s.b.d.LoggingFailureAnalysisReporter.report) - 

***************************
APPLICATION FAILED TO START
***************************

Description:

Failed to configure a DataSource: 'url' attribute is not specified and no embedded datasource could be configured.

Reason: Failed to determine a suitable driver class


Action:

Consider the following:
	If you want an embedded database (H2, HSQL or Derby), please put it on the classpath.
	If you have database settings to be loaded from a particular profile you may need to activate it (no profiles are currently active).

2025-02-23 19:13:55.931 [main] {} 1 ERROR org.springframework.boot.diagnostics.LoggingFailureAnalysisReporter (o.s.b.d.LoggingFailureAnalysisReporter.report) - 

***************************
APPLICATION FAILED TO START
***************************

Description:

Failed to configure a DataSource: 'url' attribute is not specified and no embedded datasource could be configured.

Reason: Failed to determine a suitable driver class


Action:

Consider the following:
	If you want an embedded database (H2, HSQL or Derby), please put it on the classpath.
	If you have database settings to be loaded from a particular profile you may need to activate it (no profiles are currently active).

2025-02-23 19:17:15.303 [main] {} 1 ERROR org.springframework.boot.diagnostics.LoggingFailureAnalysisReporter (o.s.b.d.LoggingFailureAnalysisReporter.report) - 

***************************
APPLICATION FAILED TO START
***************************

Description:

Failed to configure a DataSource: 'url' attribute is not specified and no embedded datasource could be configured.

Reason: Failed to determine a suitable driver class


Action:

Consider the following:
	If you want an embedded database (H2, HSQL or Derby), please put it on the classpath.
	If you have database settings to be loaded from a particular profile you may need to activate it (no profiles are currently active).

2025-02-23 19:17:53.856 [main] {} 1 ERROR org.springframework.boot.diagnostics.LoggingFailureAnalysisReporter (o.s.b.d.LoggingFailureAnalysisReporter.report) - 

***************************
APPLICATION FAILED TO START
***************************

Description:

Failed to configure a DataSource: 'url' attribute is not specified and no embedded datasource could be configured.

Reason: Failed to determine a suitable driver class


Action:

Consider the following:
	If you want an embedded database (H2, HSQL or Derby), please put it on the classpath.
	If you have database settings to be loaded from a particular profile you may need to activate it (no profiles are currently active).

2025-02-23 19:19:01.543 [main] {} 1 ERROR org.springframework.boot.diagnostics.LoggingFailureAnalysisReporter (o.s.b.d.LoggingFailureAnalysisReporter.report) - 

***************************
APPLICATION FAILED TO START
***************************

Description:

Failed to configure a DataSource: 'url' attribute is not specified and no embedded datasource could be configured.

Reason: Failed to determine a suitable driver class


Action:

Consider the following:
	If you want an embedded database (H2, HSQL or Derby), please put it on the classpath.
	If you have database settings to be loaded from a particular profile you may need to activate it (no profiles are currently active).

2025-02-23 19:21:07.445 [main] {} 1 ERROR org.springframework.boot.diagnostics.LoggingFailureAnalysisReporter (o.s.b.d.LoggingFailureAnalysisReporter.report) - 

***************************
APPLICATION FAILED TO START
***************************

Description:

Failed to configure a DataSource: 'url' attribute is not specified and no embedded datasource could be configured.

Reason: Failed to determine suitable jdbc url


Action:

Consider the following:
	If you want an embedded database (H2, HSQL or Derby), please put it on the classpath.
	If you have database settings to be loaded from a particular profile you may need to activate it (no profiles are currently active).

2025-02-23 19:21:19.230 [main] {} 1 ERROR org.springframework.boot.diagnostics.LoggingFailureAnalysisReporter (o.s.b.d.LoggingFailureAnalysisReporter.report) - 

***************************
APPLICATION FAILED TO START
***************************

Description:

Failed to configure a DataSource: 'url' attribute is not specified and no embedded datasource could be configured.

Reason: Failed to determine suitable jdbc url


Action:

Consider the following:
	If you want an embedded database (H2, HSQL or Derby), please put it on the classpath.
	If you have database settings to be loaded from a particular profile you may need to activate it (no profiles are currently active).

